[ 2019-06-12 17:27:07,877 django.request ERROR ] hi, 120
[ 2019-06-12 17:27:07,878 django.request CRITICAL ] hi, 119
[ <2019-06-12 17:27:26,439> django.request ERROR ] hi, 120
[ <2019-06-12 17:27:26,439> django.request CRITICAL ] hi, 119
[ <2019-06-13 07:05:01,697> django.request ERROR ] hi, 120
[ <2019-06-13 07:05:01,697> django.request CRITICAL ] hi, 119
[ <2019-06-13 07:06:17,990> django.request ERROR ] hi, 120
[ <2019-06-13 07:06:17,991> django.request CRITICAL ] hi, 119
[ <2019-06-13 07:06:56,913> django.request ERROR ] hi, 120
[ <2019-06-13 07:06:56,913> django.request CRITICAL ] hi, 119
[ <2019-06-13 07:07:18,067> django.request ERROR ] hi, 120
[ <2019-06-13 07:07:18,068> django.request CRITICAL ] hi, 119
[ <2019-06-13 09:17:04,735> django.request ERROR ] hi, 120
[ <2019-06-13 09:17:04,735> django.request CRITICAL ] 出现了192的数据库无法连接
[ <2019-06-13 09:29:33,312> django.request ERROR ] hi, 120
[ <2019-06-13 09:29:33,313> django.request CRITICAL ] 出现了192的数据库无法连接
[ <2019-06-13 09:49:36,068> django.request ERROR ] hi, 120
[ <2019-06-13 09:49:36,070> django.request CRITICAL ] 出现了192的数据库无法连接
[ <2019-06-13 09:50:11,563> django.request ERROR ] hi, 120
[ <2019-06-13 09:50:11,566> django.request CRITICAL ] 出现了192的数据库无法连接
